<?xml version="1.0" encoding="UTF-8"?>
<!-- Generated by org.testng.reporters.JUnitReportReporter -->
<testsuite hostname="Mukesh-DELL" failures="0" tests="1" name="TestRunner" time="15.742" errors="0" timestamp="2022-10-13T16:27:55 IST" skipped="0">
  <testcase classname="TestRunner" name="runScenario" time="15.742"/>
  <system-out/>
</testsuite> <!-- TestRunner -->
